<?xml version="1.0" encoding="UTF-8"?>
<coverage generated="1548775172906" clover="3.2.0">
  <project timestamp="1548775172906" name="All files">
    <metrics statements="20" coveredstatements="12" conditionals="8" coveredconditionals="0" methods="6" coveredmethods="3" elements="34" coveredelements="15" complexity="0" loc="20" ncloc="20" packages="2" files="6" classes="6">
      <package name="src">
        <metrics statements="7" coveredstatements="2" conditionals="4" coveredconditionals="0" methods="1" coveredmethods="0"/>
        <file name="index.js" path="/Users/jjohn/Documents/dev/work/Test-style-tests/src/index.js">
          <metrics statements="5" coveredstatements="0" conditionals="4" coveredconditionals="0" methods="1" coveredmethods="0"/>
          <line num="1" count="0" type="stmt"/>
          <line num="2" count="0" type="stmt"/>
          <line num="4" count="0" type="cond" truecount="0" falsecount="4"/>
          <line num="6" count="0" type="stmt"/>
          <line num="8" count="0" type="stmt"/>
        </file>
        <file name="setupTests.js" path="/Users/jjohn/Documents/dev/work/Test-style-tests/src/setupTests.js">
          <metrics statements="2" coveredstatements="2" conditionals="0" coveredconditionals="0" methods="0" coveredmethods="0"/>
          <line num="6" count="4" type="stmt"/>
          <line num="8" count="4" type="stmt"/>
        </file>
      </package>
      <package name="src.components">
        <metrics statements="13" coveredstatements="10" conditionals="4" coveredconditionals="0" methods="5" coveredmethods="3"/>
        <file name="App.js" path="/Users/jjohn/Documents/dev/work/Test-style-tests/src/components/App.js">
          <metrics statements="3" coveredstatements="0" conditionals="4" coveredconditionals="0" methods="2" coveredmethods="0"/>
          <line num="1" count="0" type="stmt"/>
          <line num="7" count="0" type="cond" truecount="0" falsecount="4"/>
          <line num="8" count="0" type="stmt"/>
        </file>
        <file name="Hello.js" path="/Users/jjohn/Documents/dev/work/Test-style-tests/src/components/Hello.js">
          <metrics statements="3" coveredstatements="3" conditionals="0" coveredconditionals="0" methods="1" coveredmethods="1"/>
          <line num="5" count="4" type="stmt"/>
          <line num="8" count="3" type="stmt"/>
          <line num="12" count="3" type="stmt"/>
        </file>
        <file name="Main.js" path="/Users/jjohn/Documents/dev/work/Test-style-tests/src/components/Main.js">
          <metrics statements="4" coveredstatements="4" conditionals="0" coveredconditionals="0" methods="1" coveredmethods="1"/>
          <line num="6" count="2" type="stmt"/>
          <line num="13" count="2" type="stmt"/>
          <line num="17" count="2" type="stmt"/>
          <line num="22" count="4" type="stmt"/>
        </file>
        <file name="NotFound.js" path="/Users/jjohn/Documents/dev/work/Test-style-tests/src/components/NotFound.js">
          <metrics statements="3" coveredstatements="3" conditionals="0" coveredconditionals="0" methods="1" coveredmethods="1"/>
          <line num="4" count="2" type="stmt"/>
          <line num="9" count="2" type="stmt"/>
          <line num="19" count="4" type="stmt"/>
        </file>
      </package>
    </metrics>
  </project>
</coverage>
