{"/Users/jjohn/Documents/dev/work/Test-style-tests/src/index.js": {"path":"/Users/jjohn/Documents/dev/work/Test-style-tests/src/index.js","statementMap":{"0":{"start":{"line":1,"column":32},"end":{"line":1,"column":95}},"1":{"start":{"line":1,"column":109},"end":{"line":1,"column":125}},"2":{"start":{"line":1,"column":140},"end":{"line":1,"column":170}},"3":{"start":{"line":2,"column":16},"end":{"line":2,"column":36}},"4":{"start":{"line":4,"column":11},"end":{"line":4,"column":38}},"5":{"start":{"line":4,"column":51},"end":{"line":4,"column":79}},"6":{"start":{"line":4,"column":118},"end":{"line":4,"column":172}},"7":{"start":{"line":6,"column":13},"end":{"line":6,"column":44}},"8":{"start":{"line":8,"column":0},"end":{"line":8,"column":150}}},"fnMap":{"0":{"name":"_interopRequireDefault","decl":{"start":{"line":4,"column":89},"end":{"line":4,"column":111}},"loc":{"start":{"line":4,"column":117},"end":{"line":4,"column":173}},"line":4}},"branchMap":{"0":{"loc":{"start":{"line":4,"column":125},"end":{"line":4,"column":171}},"type":"cond-expr","locations":[{"start":{"line":4,"column":149},"end":{"line":4,"column":152}},{"start":{"line":4,"column":155},"end":{"line":4,"column":171}}],"line":4},"1":{"loc":{"start":{"line":4,"column":125},"end":{"line":4,"column":146}},"type":"binary-expr","locations":[{"start":{"line":4,"column":125},"end":{"line":4,"column":128}},{"start":{"line":4,"column":132},"end":{"line":4,"column":146}}],"line":4}},"s":{"0":0,"1":0,"2":0,"3":0,"4":0,"5":0,"6":0,"7":0,"8":0},"f":{"0":0},"b":{"0":[0,0],"1":[0,0]}}
,"/Users/jjohn/Documents/dev/work/Test-style-tests/src/setupTests.js": {"path":"/Users/jjohn/Documents/dev/work/Test-style-tests/src/setupTests.js","statementMap":{"0":{"start":{"line":6,"column":16},"end":{"line":6,"column":29}},"1":{"start":{"line":8,"column":0},"end":{"line":8,"column":23}}},"fnMap":{},"branchMap":{},"s":{"0":4,"1":4},"f":{},"b":{},"_coverageSchema":"332fd63041d2c1bcb487cc26dd0d5f7d97098a6c","hash":"83f99e8b8421383449f1161b661473630290c1b1"}
,"/Users/jjohn/Documents/dev/work/Test-style-tests/src/components/App.js": {"path":"/Users/jjohn/Documents/dev/work/Test-style-tests/src/components/App.js","statementMap":{"0":{"start":{"line":1,"column":13},"end":{"line":1,"column":75}},"1":{"start":{"line":1,"column":94},"end":{"line":1,"column":166}},"2":{"start":{"line":1,"column":167},"end":{"line":7,"column":4}},"3":{"start":{"line":7,"column":17},"end":{"line":7,"column":33}},"4":{"start":{"line":7,"column":48},"end":{"line":7,"column":78}},"5":{"start":{"line":7,"column":101},"end":{"line":7,"column":128}},"6":{"start":{"line":7,"column":141},"end":{"line":7,"column":158}},"7":{"start":{"line":7,"column":172},"end":{"line":7,"column":201}},"8":{"start":{"line":7,"column":218},"end":{"line":7,"column":239}},"9":{"start":{"line":7,"column":257},"end":{"line":7,"column":290}},"10":{"start":{"line":7,"column":329},"end":{"line":7,"column":383}},"11":{"start":{"line":8,"column":2},"end":{"line":12,"column":167}}},"fnMap":{"0":{"name":"_interopRequireDefault","decl":{"start":{"line":7,"column":300},"end":{"line":7,"column":322}},"loc":{"start":{"line":7,"column":328},"end":{"line":7,"column":384}},"line":7},"1":{"name":"App","decl":{"start":{"line":7,"column":393},"end":{"line":7,"column":396}},"loc":{"start":{"line":7,"column":399},"end":{"line":16,"column":1}},"line":7}},"branchMap":{"0":{"loc":{"start":{"line":7,"column":336},"end":{"line":7,"column":382}},"type":"cond-expr","locations":[{"start":{"line":7,"column":360},"end":{"line":7,"column":363}},{"start":{"line":7,"column":366},"end":{"line":7,"column":382}}],"line":7},"1":{"loc":{"start":{"line":7,"column":336},"end":{"line":7,"column":357}},"type":"binary-expr","locations":[{"start":{"line":7,"column":336},"end":{"line":7,"column":339}},{"start":{"line":7,"column":343},"end":{"line":7,"column":357}}],"line":7}},"s":{"0":0,"1":0,"2":0,"3":0,"4":0,"5":0,"6":0,"7":0,"8":0,"9":0,"10":0,"11":0},"f":{"0":0,"1":0},"b":{"0":[0,0],"1":[0,0]}}
,"/Users/jjohn/Documents/dev/work/Test-style-tests/src/components/Hello.js": {"path":"/Users/jjohn/Documents/dev/work/Test-style-tests/src/components/Hello.js","statementMap":{"0":{"start":{"line":5,"column":2},"end":{"line":5,"column":32}},"1":{"start":{"line":8,"column":0},"end":{"line":10,"column":2}},"2":{"start":{"line":12,"column":0},"end":{"line":14,"column":2}}},"fnMap":{"0":{"name":"Hello","decl":{"start":{"line":4,"column":9},"end":{"line":4,"column":14}},"loc":{"start":{"line":4,"column":25},"end":{"line":6,"column":1}},"line":4}},"branchMap":{},"s":{"0":4,"1":3,"2":3},"f":{"0":4},"b":{},"_coverageSchema":"332fd63041d2c1bcb487cc26dd0d5f7d97098a6c","hash":"e7a799f386e3c52f8467227ac7517a7fe4b6acac"}
,"/Users/jjohn/Documents/dev/work/Test-style-tests/src/components/Main.js": {"path":"/Users/jjohn/Documents/dev/work/Test-style-tests/src/components/Main.js","statementMap":{"0":{"start":{"line":6,"column":19},"end":{"line":11,"column":1}},"1":{"start":{"line":13,"column":17},"end":{"line":15,"column":1}},"2":{"start":{"line":17,"column":15},"end":{"line":19,"column":1}},"3":{"start":{"line":22,"column":2},"end":{"line":34,"column":4}}},"fnMap":{"0":{"name":"Main","decl":{"start":{"line":21,"column":24},"end":{"line":21,"column":28}},"loc":{"start":{"line":21,"column":31},"end":{"line":35,"column":1}},"line":21}},"branchMap":{},"s":{"0":2,"1":2,"2":2,"3":4},"f":{"0":4},"b":{},"_coverageSchema":"332fd63041d2c1bcb487cc26dd0d5f7d97098a6c","hash":"92d604d7cd1e3e9dabbe160d06b862db69cd399d"}
,"/Users/jjohn/Documents/dev/work/Test-style-tests/src/components/NotFound.js": {"path":"/Users/jjohn/Documents/dev/work/Test-style-tests/src/components/NotFound.js","statementMap":{"0":{"start":{"line":4,"column":19},"end":{"line":7,"column":1}},"1":{"start":{"line":9,"column":19},"end":{"line":16,"column":1}},"2":{"start":{"line":19,"column":2},"end":{"line":24,"column":4}}},"fnMap":{"0":{"name":"NotFound","decl":{"start":{"line":18,"column":24},"end":{"line":18,"column":32}},"loc":{"start":{"line":18,"column":35},"end":{"line":25,"column":1}},"line":18}},"branchMap":{},"s":{"0":2,"1":2,"2":4},"f":{"0":4},"b":{},"_coverageSchema":"332fd63041d2c1bcb487cc26dd0d5f7d97098a6c","hash":"ff429e941a085691e984f19f0a3ea0aa74eb4195"}
}
