TN:
SF:/Users/jjohn/Documents/dev/work/Test-style-tests/src/index.js
FN:4,_interopRequireDefault
FNF:1
FNH:0
FNDA:0,_interopRequireDefault
DA:1,0
DA:2,0
DA:4,0
DA:6,0
DA:8,0
LF:5
LH:0
BRDA:4,0,0,0
BRDA:4,0,1,0
BRDA:4,1,0,0
BRDA:4,1,1,0
BRF:4
BRH:0
end_of_record
TN:
SF:/Users/jjohn/Documents/dev/work/Test-style-tests/src/setupTests.js
FNF:0
FNH:0
DA:6,4
DA:8,4
LF:2
LH:2
BRF:0
BRH:0
end_of_record
TN:
SF:/Users/jjohn/Documents/dev/work/Test-style-tests/src/components/App.js
FN:7,_interopRequireDefault
FN:7,App
FNF:2
FNH:0
FNDA:0,_interopRequireDefault
FNDA:0,App
DA:1,0
DA:7,0
DA:8,0
LF:3
LH:0
BRDA:7,0,0,0
BRDA:7,0,1,0
BRDA:7,1,0,0
BRDA:7,1,1,0
BRF:4
BRH:0
end_of_record
TN:
SF:/Users/jjohn/Documents/dev/work/Test-style-tests/src/components/Hello.js
FN:4,Hello
FNF:1
FNH:1
FNDA:4,Hello
DA:5,4
DA:8,3
DA:12,3
LF:3
LH:3
BRF:0
BRH:0
end_of_record
TN:
SF:/Users/jjohn/Documents/dev/work/Test-style-tests/src/components/Main.js
FN:21,Main
FNF:1
FNH:1
FNDA:4,Main
DA:6,2
DA:13,2
DA:17,2
DA:22,4
LF:4
LH:4
BRF:0
BRH:0
end_of_record
TN:
SF:/Users/jjohn/Documents/dev/work/Test-style-tests/src/components/NotFound.js
FN:18,NotFound
FNF:1
FNH:1
FNDA:4,NotFound
DA:4,2
DA:9,2
DA:19,4
LF:3
LH:3
BRF:0
BRH:0
end_of_record
